[file orca_main/run.cpp, line 383]: Cannot open input file: calc.inp

cp: failed to close '/home/tns97255/C5O-Kinetics/40454643/.pixi/envs/default/lib/python3.12/site-packages/IPython/terminal/shortcuts/auto_match.py': Stale file handle
cp: failed to close '/home/tns97255/C5O-Kinetics/40454643/.pixi/envs/default/lib/python3.12/site-packages/mpl_toolkits/axes_grid1/tests/conftest.py': Stale file handle
cp: failed to close '/home/tns97255/C5O-Kinetics/40454643/.pixi/envs/default/lib/python3.12/site-packages/rdkit-stubs/Chem/rdCIPLabeler.pyi': Stale file handle
cp: failed to close '/home/tns97255/C5O-Kinetics/40454643/.pixi/envs/default/lib/python3.12/site-packages/rdkit-stubs/sping/PS/__init__.pyi': Stale file handle
cp: failed to close '/home/tns97255/C5O-Kinetics/40454643/.pixi/envs/default/lib/python3.12/site-packages/rdkit-stubs/sping/PDF/pdfutils.pyi': Stale file handle
cp: failed to close '/home/tns97255/C5O-Kinetics/40454643/.pixi/envs/default/lib/python3.12/site-packages/rpds_py-0.27.0.dist-info/INSTALLER': Stale file handle
cp: failed to close '/home/tns97255/C5O-Kinetics/40454643/.pixi/envs/default/lib/python3.12/site-packages/fontTools/ufoLib/filenames.py': Stale file handle
cp: failed to close '/home/tns97255/C5O-Kinetics/40454643/.pixi/envs/default/lib/python3.12/site-packages/fontTools/ufoLib/__pycache__/converters.cpython-312.pyc': Stale file handle
cp: failed to close '/home/tns97255/C5O-Kinetics/40454643/.pixi/envs/default/lib/python3.12/site-packages/fontTools/ufoLib/__pycache__/__init__.cpython-312.pyc': Stale file handle
cp: failed to close '/home/tns97255/C5O-Kinetics/40454643/.pixi/envs/default/lib/python3.12/site-packages/fontTools/merge/__pycache__/__main__.cpython-312.pyc': Stale file handle
cp: failed to close '/home/tns97255/C5O-Kinetics/40454643/.pixi/envs/default/lib/python3.12/site-packages/fontTools/pens/__init__.py': Stale file handle
cp: failed to close '/home/tns97255/C5O-Kinetics/40454643/.pixi/envs/default/lib/python3.12/site-packages/fontTools/ttLib/tables/BitmapGlyphMetrics.py': Stale file handle
cp: failed to close '/home/tns97255/C5O-Kinetics/40454643/.pixi/envs/default/lib/python3.12/site-packages/fontTools/ttLib/tables/E_B_L_C_.py': Stale file handle
cp: failed to close '/home/tns97255/C5O-Kinetics/40454643/.pixi/envs/default/lib/python3.12/site-packages/fontTools/unicodedata/Scripts.py': Stale file handle
cp: failed to close '/home/tns97255/C5O-Kinetics/40454643/.pixi/envs/default/lib/python3.12/site-packages/fontTools/cu2qu/benchmark.py': Stale file handle
cp: failed to close '/home/tns97255/C5O-Kinetics/40454643/.pixi/envs/default/lib/python3.12/site-packages/fontTools/cu2qu/cli.py': Stale file handle
cp: failed to close '/home/tns97255/C5O-Kinetics/40454643/.pixi/envs/default/lib/python3.12/site-packages/fontTools/qu2cu/__main__.py': Stale file handle
cp: failed to close '/home/tns97255/C5O-Kinetics/40454643/.pixi/envs/default/lib/python3.12/site-packages/fontTools/voltLib/parser.py': Stale file handle
cp: failed to close '/home/tns97255/C5O-Kinetics/40454643/.pixi/envs/default/lib/python3.12/site-packages/fontTools/voltLib/__init__.py': Stale file handle
cp: failed to close '/home/tns97255/C5O-Kinetics/40454643/.pixi/envs/default/lib/python3.12/site-packages/fontTools/cffLib/__pycache__/__init__.cpython-312.pyc': Stale file handle
cp: failed to close '/home/tns97255/C5O-Kinetics/40454643/.pixi/envs/default/lib/python3.12/site-packages/fontTools/varLib/mutator.py': Stale file handle
cp: failed to close '/home/tns97255/C5O-Kinetics/40454643/.pixi/envs/default/lib/python3.12/site-packages/fontTools/varLib/instancer/__pycache__/__main__.cpython-312.pyc': Stale file handle
cp: failed to close '/home/tns97255/C5O-Kinetics/40454643/.pixi/envs/default/lib/python3.12/site-packages/narwhals/stable/v1/dtypes.py': Stale file handle
cp: failed to close '/home/tns97255/C5O-Kinetics/40454643/.pixi/envs/default/lib/python3.12/site-packages/packaging/__init__.py': Stale file handle
cp: failed to close '/home/tns97255/C5O-Kinetics/40454643/.pixi/envs/default/lib/python3.12/site-packages/ptyprocess-0.7.0.dist-info/INSTALLER': Stale file handle
cp: failed to close '/home/tns97255/C5O-Kinetics/40454643/.pixi/envs/default/lib/python3.12/site-packages/cycler-0.12.1.dist-info/INSTALLER': Stale file handle
cp: failed to close '/home/tns97255/C5O-Kinetics/40454643/.pixi/envs/default/lib/python3.12/site-packages/debugpy/_vendored/pydevd/_pydevd_sys_monitoring/__pycache__/_pydevd_sys_monitoring.cpython-312.pyc': Stale file handle
cp: failed to close '/home/tns97255/C5O-Kinetics/40454643/.pixi/envs/default/lib/python3.12/site-packages/debugpy/_vendored/pydevd/pydevd_attach_to_process/windows/attach.h': Stale file handle
cp: failed to close '/home/tns97255/C5O-Kinetics/40454643/.pixi/envs/default/lib/python3.12/site-packages/debugpy/_vendored/pydevd/pydevd_plugins/extensions/types/__init__.py': Stale file handle
cp: failed to close '/home/tns97255/C5O-Kinetics/40454643/.pixi/envs/default/lib/python3.12/site-packages/debugpy/_vendored/pydevd/pydev_ipython/__pycache__/inputhook.cpython-312.pyc': Stale file handle
cp: failed to close '/home/tns97255/C5O-Kinetics/40454643/.pixi/envs/default/lib/python3.12/site-packages/scipy-1.16.1.dist-info/LICENSE.txt': Stale file handle
cp: failed to close '/home/tns97255/C5O-Kinetics/40454643/.pixi/envs/default/lib/python3.12/site-packages/jsonschema/__init__.py': Stale file handle
cp: failed to close '/home/tns97255/C5O-Kinetics/40454643/.pixi/envs/default/lib/python3.12/site-packages/jsonschema/__pycache__/_keywords.cpython-312.pyc': Stale file handle
cp: failed to close '/home/tns97255/C5O-Kinetics/40454643/.pixi/envs/default/lib/python3.12/site-packages/numpy/__pycache__/_distributor_init.cpython-312.pyc': Stale file handle
cp: failed to close '/home/tns97255/C5O-Kinetics/40454643/.pixi/envs/default/lib/python3.12/site-packages/numpy/fft/tests/test_helper.py': Stale file handle
cp: cannot create regular file '/home/tns97255/C5O-Kinetics/40454643/.pixi/envs/default/lib/python3.12/site-packages/numpy/fft/tests/__pycache__/test_pocketfft.cpython-312.pyc': No such file or directory
cp: failed to close '/home/tns97255/C5O-Kinetics/40454643/.pixi/envs/default/lib/python3.12/site-packages/numpy/__init__.py': Stale file handle
cp: failed to close '/home/tns97255/C5O-Kinetics/40454643/.pixi/envs/default/lib/python3.12/site-packages/numpy/_configtool.pyi': Stale file handle
cp: failed to close '/home/tns97255/C5O-Kinetics/40454643/.pixi/envs/default/lib/python3.12/site-packages/numpy/tests/test_ctypeslib.py': Stale file handle
cp: failed to close '/home/tns97255/C5O-Kinetics/40454643/.pixi/envs/default/lib/python3.12/site-packages/numpy/tests/__pycache__/test_reloading.cpython-312.pyc': Stale file handle
cp: failed to close '/home/tns97255/C5O-Kinetics/40454643/.pixi/envs/default/lib/python3.12/site-packages/numpy/_pyinstaller/tests/__init__.py': Stale file handle
cp: failed to close '/home/tns97255/C5O-Kinetics/40454643/.pixi/envs/default/lib/python3.12/site-packages/numpy/_pyinstaller/tests/test_pyinstaller.py': Stale file handle
cp: failed to close '/home/tns97255/C5O-Kinetics/40454643/.pixi/envs/default/lib/python3.12/site-packages/numpy/_core/_ufunc_config.pyi': Stale file handle
cp: failed to close '/home/tns97255/C5O-Kinetics/40454643/.pixi/envs/default/lib/python3.12/site-packages/numpy/_core/_multiarray_tests.cpython-312-x86_64-linux-gnu.so': Stale file handle
cp: failed to close '/home/tns97255/C5O-Kinetics/40454643/.pixi/envs/default/lib/python3.12/site-packages/numpy/_core/_struct_ufunc_tests.cpython-312-x86_64-linux-gnu.so': Stale file handle
cp: failed to close '/home/tns97255/C5O-Kinetics/40454643/.pixi/envs/default/lib/python3.12/site-packages/numpy/_core/_ufunc_config.py': Stale file handle
cp: failed to close '/home/tns97255/C5O-Kinetics/40454643/.pixi/envs/default/lib/python3.12/site-packages/numpy/_core/tests/examples/cython/__pycache__/setup.cpython-312.pyc': Stale file handle
cp: failed to close '/home/tns97255/C5O-Kinetics/40454643/.pixi/envs/default/lib/python3.12/site-packages/numpy/_core/tests/_locales.py': Stale file handle
cp: failed to close '/home/tns97255/C5O-Kinetics/40454643/.pixi/envs/default/lib/python3.12/site-packages/numpy/_core/tests/test_einsum.py': Stale file handle
cp: failed to close '/home/tns97255/C5O-Kinetics/40454643/.pixi/envs/default/lib/python3.12/site-packages/numpy/_core/tests/data/umath-validation-set-arctanh.csv': Stale file handle
cp: cannot create regular file '/home/tns97255/C5O-Kinetics/40454643/.pixi/envs/default/lib/python3.12/site-packages/numpy/_core/tests/data/umath-validation-set-log2.csv': No such file or directory
cp: cannot create regular file '/home/tns97255/C5O-Kinetics/40454643/.pixi/envs/default/lib/python3.12/site-packages/numpy/_core/tests/data/generate_umath_validation_data.cpp': No such file or directory
cp: cannot create regular file '/home/tns97255/C5O-Kinetics/40454643/.pixi/envs/default/lib/python3.12/site-packages/numpy/_core/tests/data/astype_copy.pkl': No such file or directory
cp: cannot create regular file '/home/tns97255/C5O-Kinetics/40454643/.pixi/envs/default/lib/python3.12/site-packages/numpy/_core/tests/data/umath-validation-set-cos.csv': No such file or directory
cp: cannot create regular file '/home/tns97255/C5O-Kinetics/40454643/.pixi/envs/default/lib/python3.12/site-packages/numpy/_core/tests/data/umath-validation-set-log.csv': No such file or directory
cp: cannot create regular file '/home/tns97255/C5O-Kinetics/40454643/.pixi/envs/default/lib/python3.12/site-packages/numpy/_core/tests/data/recarray_from_file.fits': No such file or directory
cp: cannot create regular file '/home/tns97255/C5O-Kinetics/40454643/.pixi/envs/default/lib/python3.12/site-packages/numpy/_core/tests/data/umath-validation-set-arccos.csv': No such file or directory
cp: cannot create regular file '/home/tns97255/C5O-Kinetics/40454643/.pixi/envs/default/lib/python3.12/site-packages/numpy/_core/tests/data/umath-validation-set-tanh.csv': No such file or directory
cp: cannot create regular file '/home/tns97255/C5O-Kinetics/40454643/.pixi/envs/default/lib/python3.12/site-packages/numpy/_core/tests/data/umath-validation-set-arctan.csv': No such file or directory
cp: cannot create regular file '/home/tns97255/C5O-Kinetics/40454643/.pixi/envs/default/lib/python3.12/site-packages/numpy/_core/tests/data/umath-validation-set-arccosh.csv': No such file or directory
cp: cannot create regular file '/home/tns97255/C5O-Kinetics/40454643/.pixi/envs/default/lib/python3.12/site-packages/numpy/_core/tests/data/umath-validation-set-expm1.csv': No such file or directory
cp: cannot create regular file '/home/tns97255/C5O-Kinetics/40454643/.pixi/envs/default/lib/python3.12/site-packages/numpy/_core/tests/data/umath-validation-set-sinh.csv': No such file or directory
cp: cannot create regular file '/home/tns97255/C5O-Kinetics/40454643/.pixi/envs/default/lib/python3.12/site-packages/numpy/_core/tests/data/umath-validation-set-cbrt.csv': No such file or directory
cp: cannot create regular file '/home/tns97255/C5O-Kinetics/40454643/.pixi/envs/default/lib/python3.12/site-packages/numpy/_core/tests/data/umath-validation-set-cosh.csv': No such file or directory
cp: cannot create regular file '/home/tns97255/C5O-Kinetics/40454643/.pixi/envs/default/lib/python3.12/site-packages/numpy/_core/tests/data/umath-validation-set-arcsinh.csv': No such file or directory
cp: cannot create regular file '/home/tns97255/C5O-Kinetics/40454643/.pixi/envs/default/lib/python3.12/site-packages/numpy/_core/tests/data/umath-validation-set-log1p.csv': No such file or directory
cp: cannot create regular file '/home/tns97255/C5O-Kinetics/40454643/.pixi/envs/default/lib/python3.12/site-packages/numpy/_core/tests/data/umath-validation-set-tan.csv': No such file or directory
cp: cannot create regular file '/home/tns97255/C5O-Kinetics/40454643/.pixi/envs/default/lib/python3.12/site-packages/numpy/_core/tests/data/umath-validation-set-arcsin.csv': No such file or directory
cp: cannot create regular file '/home/tns97255/C5O-Kinetics/40454643/.pixi/envs/default/lib/python3.12/site-packages/numpy/_core/tests/data/umath-validation-set-exp.csv': No such file or directory
cp: cannot create regular file '/home/tns97255/C5O-Kinetics/40454643/.pixi/envs/default/lib/python3.12/site-packages/numpy/_core/tests/data/umath-validation-set-sin.csv': No such file or directory
cp: cannot create regular file '/home/tns97255/C5O-Kinetics/40454643/.pixi/envs/default/lib/python3.12/site-packages/numpy/_core/tests/data/umath-validation-set-log10.csv': No such file or directory
cp: cannot create regular file '/home/tns97255/C5O-Kinetics/40454643/.pixi/envs/default/lib/python3.12/site-packages/numpy/_core/tests/data/umath-validation-set-exp2.csv': No such file or directory
cp: cannot create regular file '/home/tns97255/C5O-Kinetics/40454643/.pixi/envs/default/lib/python3.12/site-packages/numpy/_core/tests/data/umath-validation-set-README.txt': No such file or directory
cp: failed to close '/home/tns97255/C5O-Kinetics/40454643/.pixi/envs/default/lib/python3.12/site-packages/numpy/_core/include/numpy/__multiarray_api.c': Stale file handle
cp: failed to close '/home/tns97255/C5O-Kinetics/40454643/.pixi/envs/default/lib/python3.12/site-packages/numpy/_core/include/numpy/__ufunc_api.h': Stale file handle
cp: cannot create regular file '/home/tns97255/C5O-Kinetics/40454643/.pixi/envs/default/lib/python3.12/site-packages/numpy/_core/include/numpy/utils.h': No such file or directory
cp: cannot create regular file '/home/tns97255/C5O-Kinetics/40454643/.pixi/envs/default/lib/python3.12/site-packages/numpy/_core/include/numpy/npy_math.h': No such file or directory
cp: cannot create regular file '/home/tns97255/C5O-Kinetics/40454643/.pixi/envs/default/lib/python3.12/site-packages/numpy/_core/include/numpy/npy_2_compat.h': No such file or directory
cp: cannot create regular file '/home/tns97255/C5O-Kinetics/40454643/.pixi/envs/default/lib/python3.12/site-packages/numpy/_core/include/numpy/__multiarray_api.h': No such file or directory
cp: cannot create regular file '/home/tns97255/C5O-Kinetics/40454643/.pixi/envs/default/lib/python3.12/site-packages/numpy/_core/include/numpy/npy_os.h': No such file or directory
cp: cannot create regular file '/home/tns97255/C5O-Kinetics/40454643/.pixi/envs/default/lib/python3.12/site-packages/numpy/_core/include/numpy/ufuncobject.h': No such file or directory
cp: cannot create regular file '/home/tns97255/C5O-Kinetics/40454643/.pixi/envs/default/lib/python3.12/site-packages/numpy/_core/include/numpy/_numpyconfig.h': No such file or directory
cp: cannot create regular file '/home/tns97255/C5O-Kinetics/40454643/.pixi/envs/default/lib/python3.12/site-packages/numpy/_core/include/numpy/ndarraytypes.h': No such file or directory
cp: cannot create regular file '/home/tns97255/C5O-Kinetics/40454643/.pixi/envs/default/lib/python3.12/site-packages/numpy/_core/include/numpy/arrayscalars.h': No such file or directory
cp: cannot create regular file '/home/tns97255/C5O-Kinetics/40454643/.pixi/envs/default/lib/python3.12/site-packages/numpy/_core/include/numpy/halffloat.h': No such file or directory
cp: cannot create regular file '/home/tns97255/C5O-Kinetics/40454643/.pixi/envs/default/lib/python3.12/site-packages/numpy/_core/include/numpy/dtype_api.h': No such file or directory
cp: cannot create regular file '/home/tns97255/C5O-Kinetics/40454643/.pixi/envs/default/lib/python3.12/site-packages/numpy/_core/include/numpy/npy_endian.h': No such file or directory
cp: cannot create regular file '/home/tns97255/C5O-Kinetics/40454643/.pixi/envs/default/lib/python3.12/site-packages/numpy/_core/include/numpy/_public_dtype_api_table.h': No such file or directory
cp: cannot create directory '/home/tns97255/C5O-Kinetics/40454643/.pixi/envs/default/lib/python3.12/site-packages/numpy/_core/include/numpy/random': No such file or directory
cp: failed to close '/home/tns97255/C5O-Kinetics/40454643/.pixi/envs/default/lib/python3.12/site-packages/numpy/core/__pycache__/fromnumeric.cpython-312.pyc': Stale file handle
cp: failed to close '/home/tns97255/C5O-Kinetics/40454643/.pixi/envs/default/lib/python3.12/site-packages/numpy/core/__pycache__/arrayprint.cpython-312.pyc': Stale file handle
cp: failed to close '/home/tns97255/C5O-Kinetics/40454643/.pixi/envs/default/lib/python3.12/site-packages/numpy/core/multiarray.py': Stale file handle
cp: failed to close '/home/tns97255/C5O-Kinetics/40454643/.pixi/envs/default/lib/python3.12/site-packages/numpy/ma/API_CHANGES.txt': Stale file handle
cp: failed to close '/home/tns97255/C5O-Kinetics/40454643/.pixi/envs/default/lib/python3.12/site-packages/numpy/typing/tests/data/reveal/lib_utils.pyi': Stale file handle
cp: failed to close '/home/tns97255/C5O-Kinetics/40454643/.pixi/envs/default/lib/python3.12/site-packages/numpy/typing/tests/data/reveal/comparisons.pyi': Stale file handle
cp: cannot create regular file '/home/tns97255/C5O-Kinetics/40454643/.pixi/envs/default/lib/python3.12/site-packages/numpy/typing/tests/data/reveal/numeric.pyi': No such file or directory
cp: cannot create regular file '/home/tns97255/C5O-Kinetics/40454643/.pixi/envs/default/lib/python3.12/site-packages/numpy/typing/tests/data/reveal/strings.pyi': No such file or directory
cp: cannot create regular file '/home/tns97255/C5O-Kinetics/40454643/.pixi/envs/default/lib/python3.12/site-packages/numpy/typing/tests/data/reveal/numerictypes.pyi': No such file or directory
cp: cannot create regular file '/home/tns97255/C5O-Kinetics/40454643/.pixi/envs/default/lib/python3.12/site-packages/numpy/typing/tests/data/reveal/ctypeslib.pyi': No such file or directory
cp: cannot create regular file '/home/tns97255/C5O-Kinetics/40454643/.pixi/envs/default/lib/python3.12/site-packages/numpy/typing/tests/data/reveal/ma.pyi': No such file or directory
cp: cannot create regular file '/home/tns97255/C5O-Kinetics/40454643/.pixi/envs/default/lib/python3.12/site-packages/numpy/typing/tests/data/reveal/memmap.pyi': No such file or directory
cp: cannot create regular file '/home/tns97255/C5O-Kinetics/40454643/.pixi/envs/default/lib/python3.12/site-packages/numpy/typing/tests/data/reveal/nditer.pyi': No such file or directory
cp: cannot create regular file '/home/tns97255/C5O-Kinetics/40454643/.pixi/envs/default/lib/python3.12/site-packages/numpy/typing/tests/data/reveal/twodim_base.pyi': No such file or directory
cp: cannot create regular file '/home/tns97255/C5O-Kinetics/40454643/.pixi/envs/default/lib/python3.12/site-packages/numpy/typing/tests/data/reveal/rec.pyi': No such file or directory
cp: cannot create regular file '/home/tns97255/C5O-Kinetics/40454643/.pixi/envs/default/lib/python3.12/site-packages/numpy/typing/tests/data/reveal/flatiter.pyi': No such file or directory
cp: cannot create regular file '/home/tns97255/C5O-Kinetics/40454643/.pixi/envs/default/lib/python3.12/site-packages/numpy/typing/tests/data/reveal/array_constructors.pyi': No such file or directory
cp: cannot create regular file '/home/tns97255/C5O-Kinetics/40454643/.pixi/envs/default/lib/python3.12/site-packages/numpy/typing/tests/data/reveal/ndarray_misc.pyi': No such file or directory
cp: cannot create regular file '/home/tns97255/C5O-Kinetics/40454643/.pixi/envs/default/lib/python3.12/site-packages/numpy/typing/tests/data/reveal/ufuncs.pyi': No such file or directory
cp: cannot create regular file '/home/tns97255/C5O-Kinetics/40454643/.pixi/envs/default/lib/python3.12/site-packages/numpy/typing/tests/data/reveal/ndarray_shape_manipulation.pyi': No such file or directory
cp: cannot create regular file '/home/tns97255/C5O-Kinetics/40454643/.pixi/envs/default/lib/python3.12/site-packages/numpy/typing/tests/data/reveal/fromnumeric.pyi': No such file or directory
cp: cannot create regular file '/home/tns97255/C5O-Kinetics/40454643/.pixi/envs/default/lib/python3.12/site-packages/numpy/typing/tests/data/reveal/arrayprint.pyi': No such file or directory
cp: cannot create regular file '/home/tns97255/C5O-Kinetics/40454643/.pixi/envs/default/lib/python3.12/site-packages/numpy/typing/tests/data/reveal/linalg.pyi': No such file or directory
cp: cannot create regular file '/home/tns97255/C5O-Kinetics/40454643/.pixi/envs/default/lib/python3.12/site-packages/numpy/typing/tests/data/reveal/einsumfunc.pyi': No such file or directory
cp: cannot create regular file '/home/tns97255/C5O-Kinetics/40454643/.pixi/envs/default/lib/python3.12/site-packages/numpy/typing/tests/data/reveal/nested_sequence.pyi': No such file or directory
cp: cannot create regular file '/home/tns97255/C5O-Kinetics/40454643/.pixi/envs/default/lib/python3.12/site-packages/numpy/typing/tests/data/reveal/histograms.pyi': No such file or directory
cp: cannot create regular file '/home/tns97255/C5O-Kinetics/40454643/.pixi/envs/default/lib/python3.12/site-packages/numpy/typing/tests/data/reveal/index_tricks.pyi': No such file or directory
cp: cannot create regular file '/home/tns97255/C5O-Kinetics/40454643/.pixi/envs/default/lib/python3.12/site-packages/numpy/typing/tests/data/reveal/constants.pyi': No such file or directory
cp: cannot create regular file '/home/tns97255/C5O-Kinetics/40454643/.pixi/envs/default/lib/python3.12/site-packages/numpy/typing/tests/data/reveal/polynomial_polybase.pyi': No such file or directory
cp: cannot create regular file '/home/tns97255/C5O-Kinetics/40454643/.pixi/envs/default/lib/python3.12/site-packages/numpy/typing/tests/data/reveal/fft.pyi': No such file or directory
cp: cannot create regular file '/home/tns97255/C5O-Kinetics/40454643/.pixi/envs/default/lib/python3.12/site-packages/numpy/typing/tests/data/reveal/char.pyi': No such file or directory
cp: cannot create regular file '/home/tns97255/C5O-Kinetics/40454643/.pixi/envs/default/lib/python3.12/site-packages/numpy/typing/tests/data/reveal/lib_function_base.pyi': No such file or directory
cp: cannot create regular file '/home/tns97255/C5O-Kinetics/40454643/.pixi/envs/default/lib/python3.12/site-packages/numpy/typing/tests/data/reveal/bitwise_ops.pyi': No such file or directory
cp: cannot create regular file '/home/tns97255/C5O-Kinetics/40454643/.pixi/envs/default/lib/python3.12/site-packages/numpy/typing/tests/data/reveal/random.pyi': No such file or directory
cp: cannot create regular file '/home/tns97255/C5O-Kinetics/40454643/.pixi/envs/default/lib/python3.12/site-packages/numpy/typing/tests/data/reveal/polynomial_polyutils.pyi': No such file or directory
cp: cannot create regular file '/home/tns97255/C5O-Kinetics/40454643/.pixi/envs/default/lib/python3.12/site-packages/numpy/typing/tests/data/reveal/arraysetops.pyi': No such file or directory
cp: cannot create regular file '/home/tns97255/C5O-Kinetics/40454643/.pixi/envs/default/lib/python3.12/site-packages/numpy/typing/tests/data/reveal/polynomial_series.pyi': No such file or directory
cp: cannot create regular file '/home/tns97255/C5O-Kinetics/40454643/.pixi/envs/default/lib/python3.12/site-packages/numpy/typing/tests/data/reveal/ufunclike.pyi': No such file or directory
cp: cannot create regular file '/home/tns97255/C5O-Kinetics/40454643/.pixi/envs/default/lib/python3.12/site-packages/numpy/typing/tests/data/reveal/chararray.pyi': No such file or directory
cp: cannot create regular file '/home/tns97255/C5O-Kinetics/40454643/.pixi/envs/default/lib/python3.12/site-packages/numpy/typing/tests/data/reveal/type_check.pyi': No such file or directory
cp: cannot create regular file '/home/tns97255/C5O-Kinetics/40454643/.pixi/envs/default/lib/python3.12/site-packages/numpy/typing/tests/data/reveal/dtype.pyi': No such file or directory
cp: cannot create regular file '/home/tns97255/C5O-Kinetics/40454643/.pixi/envs/default/lib/python3.12/site-packages/numpy/typing/tests/data/reveal/lib_polynomial.pyi': No such file or directory
cp: cannot create regular file '/home/tns97255/C5O-Kinetics/40454643/.pixi/envs/default/lib/python3.12/site-packages/numpy/typing/tests/data/reveal/ndarray_conversion.pyi': No such file or directory
cp: cannot create regular file '/home/tns97255/C5O-Kinetics/40454643/.pixi/envs/default/lib/python3.12/site-packages/numpy/typing/tests/data/reveal/testing.pyi': No such file or directory
cp: cannot create regular file '/home/tns97255/C5O-Kinetics/40454643/.pixi/envs/default/lib/python3.12/site-packages/numpy/typing/tests/data/reveal/emath.pyi': No such file or directory
cp: cannot create regular file '/home/tns97255/C5O-Kinetics/40454643/.pixi/envs/default/lib/python3.12/site-packages/numpy/typing/tests/data/reveal/nbit_base_example.pyi': No such file or directory
cp: cannot create regular file '/home/tns97255/C5O-Kinetics/40454643/.pixi/envs/default/lib/python3.12/site-packages/numpy/typing/tests/data/reveal/array_api_info.pyi': No such file or directory
cp: cannot create regular file '/home/tns97255/C5O-Kinetics/40454643/.pixi/envs/default/lib/python3.12/site-packages/numpy/typing/tests/data/reveal/multiarray.pyi': No such file or directory
cp: cannot create regular file '/home/tns97255/C5O-Kinetics/40454643/.pixi/envs/default/lib/python3.12/site-packages/numpy/typing/tests/data/reveal/ufunc_config.pyi': No such file or directory
cp: cannot create regular file '/home/tns97255/C5O-Kinetics/40454643/.pixi/envs/default/lib/python3.12/site-packages/numpy/typing/tests/data/reveal/npyio.pyi': No such file or directory
cp: cannot create regular file '/home/tns97255/C5O-Kinetics/40454643/.pixi/envs/default/lib/python3.12/site-packages/numpy/typing/tests/data/reveal/arithmetic.pyi': No such file or directory
cp: cannot create regular file '/home/tns97255/C5O-Kinetics/40454643/.pixi/envs/default/lib/python3.12/site-packages/numpy/typing/tests/data/reveal/lib_version.pyi': No such file or directory
cp: cannot create regular file '/home/tns97255/C5O-Kinetics/40454643/.pixi/envs/default/lib/python3.12/site-packages/numpy/typing/tests/data/reveal/shape_base.pyi': No such file or directory
cp: cannot create regular file '/home/tns97255/C5O-Kinetics/40454643/.pixi/envs/default/lib/python3.12/site-packages/numpy/typing/tests/data/reveal/mod.pyi': No such file or directory
cp: cannot create regular file '/home/tns97255/C5O-Kinetics/40454643/.pixi/envs/default/lib/python3.12/site-packages/numpy/typing/tests/data/reveal/datasource.pyi': No such file or directory
cp: cannot create regular file '/home/tns97255/C5O-Kinetics/40454643/.pixi/envs/default/lib/python3.12/site-packages/numpy/typing/tests/data/reveal/warnings_and_errors.pyi': No such file or directory
cp: cannot create regular file '/home/tns97255/C5O-Kinetics/40454643/.pixi/envs/default/lib/python3.12/site-packages/numpy/typing/tests/data/reveal/modules.pyi': No such file or directory
cp: cannot create regular file '/home/tns97255/C5O-Kinetics/40454643/.pixi/envs/default/lib/python3.12/site-packages/numpy/typing/tests/data/reveal/arrayterator.pyi': No such file or directory
cp: cannot create regular file '/home/tns97255/C5O-Kinetics/40454643/.pixi/envs/default/lib/python3.12/site-packages/numpy/typing/tests/data/reveal/getlimits.pyi': No such file or directory
cp: cannot create regular file '/home/tns97255/C5O-Kinetics/40454643/.pixi/envs/default/lib/python3.12/site-packages/numpy/typing/tests/data/reveal/arraypad.pyi': No such file or directory
cp: cannot create regular file '/home/tns97255/C5O-Kinetics/40454643/.pixi/envs/default/lib/python3.12/site-packages/numpy/typing/tests/data/reveal/shape.pyi': No such file or directory
cp: cannot create regular file '/home/tns97255/C5O-Kinetics/40454643/.pixi/envs/default/lib/python3.12/site-packages/numpy/typing/tests/data/reveal/ndarray_assignability.pyi': No such file or directory
cp: cannot create regular file '/home/tns97255/C5O-Kinetics/40454643/.pixi/envs/default/lib/python3.12/site-packages/numpy/typing/tests/data/reveal/matrix.pyi': No such file or directory
cp: cannot create regular file '/home/tns97255/C5O-Kinetics/40454643/.pixi/envs/default/lib/python3.12/site-packages/numpy/typing/tests/data/reveal/scalars.pyi': No such file or directory
cp: failed to close '/home/tns97255/C5O-Kinetics/40454643/.pixi/envs/default/lib/python3.12/site-packages/numpy/typing/tests/data/fail/testing.pyi': Stale file handle
cp: failed to close '/home/tns97255/C5O-Kinetics/40454643/.pixi/envs/default/lib/python3.12/site-packages/numpy/typing/tests/data/fail/histograms.pyi': Stale file handle
cp: failed to close '/home/tns97255/C5O-Kinetics/40454643/.pixi/envs/default/lib/python3.12/site-packages/numpy/typing/tests/data/fail/ndarray_misc.pyi': Stale file handle
cp: cannot create regular file '/home/tns97255/C5O-Kinetics/40454643/.pixi/envs/default/lib/python3.12/site-packages/numpy/typing/tests/data/pass/__pycache__/array_constructors.cpython-312.pyc': No such file or directory
cp: cannot create regular file '/home/tns97255/C5O-Kinetics/40454643/.pixi/envs/default/lib/python3.12/site-packages/numpy/typing/tests/data/pass/__pycache__/array_like.cpython-312.pyc': No such file or directory
cp: cannot create regular file '/home/tns97255/C5O-Kinetics/40454643/.pixi/envs/default/lib/python3.12/site-packages/numpy/typing/tests/data/pass/__pycache__/ndarray_conversion.cpython-312.pyc': No such file or directory
cp: cannot create regular file '/home/tns97255/C5O-Kinetics/40454643/.pixi/envs/default/lib/python3.12/site-packages/numpy/typing/tests/data/pass/__pycache__/lib_user_array.cpython-312.pyc': No such file or directory
cp: cannot create regular file '/home/tns97255/C5O-Kinetics/40454643/.pixi/envs/default/lib/python3.12/site-packages/numpy/typing/tests/data/pass/__pycache__/mod.cpython-312.pyc': No such file or directory
cp: cannot create regular file '/home/tns97255/C5O-Kinetics/40454643/.pixi/envs/default/lib/python3.12/site-packages/numpy/typing/tests/data/pass/__pycache__/multiarray.cpython-312.pyc': No such file or directory
cp: cannot create regular file '/home/tns97255/C5O-Kinetics/40454643/.pixi/envs/default/lib/python3.12/site-packages/numpy/typing/tests/data/pass/__pycache__/arrayprint.cpython-312.pyc': No such file or directory
cp: cannot create regular file '/home/tns97255/C5O-Kinetics/40454643/.pixi/envs/default/lib/python3.12/site-packages/numpy/typing/tests/data/pass/__pycache__/recfunctions.cpython-312.pyc': No such file or directory
cp: cannot create regular file '/home/tns97255/C5O-Kinetics/40454643/.pixi/envs/default/lib/python3.12/site-packages/numpy/typing/tests/data/pass/__pycache__/lib_version.cpython-312.pyc': No such file or directory
cp: cannot create regular file '/home/tns97255/C5O-Kinetics/40454643/.pixi/envs/default/lib/python3.12/site-packages/numpy/typing/tests/data/pass/__pycache__/ndarray_shape_manipulation.cpython-312.pyc': No such file or directory
cp: cannot create regular file '/home/tns97255/C5O-Kinetics/40454643/.pixi/envs/default/lib/python3.12/site-packages/numpy/typing/tests/data/pass/__pycache__/literal.cpython-312.pyc': No such file or directory
cp: cannot create regular file '/home/tns97255/C5O-Kinetics/40454643/.pixi/envs/default/lib/python3.12/site-packages/numpy/typing/tests/data/pass/__pycache__/einsumfunc.cpython-312.pyc': No such file or directory
cp: cannot create regular file '/home/tns97255/C5O-Kinetics/40454643/.pixi/envs/default/lib/python3.12/site-packages/numpy/typing/tests/data/pass/__pycache__/dtype.cpython-312.pyc': No such file or directory
cp: cannot create regular file '/home/tns97255/C5O-Kinetics/40454643/.pixi/envs/default/lib/python3.12/site-packages/numpy/typing/tests/data/pass/__pycache__/ma.cpython-312.pyc': No such file or directory
cp: cannot create regular file '/home/tns97255/C5O-Kinetics/40454643/.pixi/envs/default/lib/python3.12/site-packages/numpy/typing/tests/data/pass/__pycache__/index_tricks.cpython-312.pyc': No such file or directory
cp: failed to close '/home/tns97255/C5O-Kinetics/40454643/.pixi/envs/default/lib/python3.12/site-packages/numpy/typing/tests/data/pass/flatiter.py': Stale file handle
cp: failed to close '/home/tns97255/C5O-Kinetics/40454643/.pixi/envs/default/lib/python3.12/site-packages/numpy/typing/tests/data/pass/arrayterator.py': Stale file handle
cp: failed to close '/home/tns97255/C5O-Kinetics/40454643/.pixi/envs/default/lib/python3.12/site-packages/numpy/_typing/__pycache__/_nested_sequence.cpython-312.pyc': Stale file handle
cp: cannot create regular file '/home/tns97255/C5O-Kinetics/40454643/.pixi/envs/default/lib/python3.12/site-packages/numpy/_typing/_nested_sequence.py': No such file or directory
cp: cannot create regular file '/home/tns97255/C5O-Kinetics/40454643/.pixi/envs/default/lib/python3.12/site-packages/numpy/_typing/__init__.py': No such file or directory
cp: failed to close '/home/tns97255/C5O-Kinetics/40454643/.pixi/envs/default/lib/python3.12/site-packages/numpy/f2py/tests/test_return_complex.py': Stale file handle
cp: failed to close '/home/tns97255/C5O-Kinetics/40454643/.pixi/envs/default/lib/python3.12/site-packages/numpy/f2py/tests/test_isoc.py': Stale file handle
cp: failed to close '/home/tns97255/C5O-Kinetics/40454643/.pixi/envs/default/lib/python3.12/site-packages/numpy/f2py/tests/__init__.py': Stale file handle
cp: failed to close '/home/tns97255/C5O-Kinetics/40454643/.pixi/envs/default/lib/python3.12/site-packages/numpy/f2py/tests/test_data.py': Stale file handle
cp: cannot create regular file '/home/tns97255/C5O-Kinetics/40454643/.pixi/envs/default/lib/python3.12/site-packages/numpy/f2py/tests/test_regression.py': No such file or directory
cp: cannot create regular file '/home/tns97255/C5O-Kinetics/40454643/.pixi/envs/default/lib/python3.12/site-packages/numpy/f2py/tests/test_semicolon_split.py': No such file or directory
cp: cannot create regular file '/home/tns97255/C5O-Kinetics/40454643/.pixi/envs/default/lib/python3.12/site-packages/numpy/f2py/tests/test_crackfortran.py': No such file or directory
cp: cannot create regular file '/home/tns97255/C5O-Kinetics/40454643/.pixi/envs/default/lib/python3.12/site-packages/numpy/f2py/tests/test_f2py2e.py': No such file or directory
cp: cannot create regular file '/home/tns97255/C5O-Kinetics/40454643/.pixi/envs/default/lib/python3.12/site-packages/numpy/f2py/tests/util.py': No such file or directory
cp: cannot create regular file '/home/tns97255/C5O-Kinetics/40454643/.pixi/envs/default/lib/python3.12/site-packages/numpy/f2py/tests/test_return_logical.py': No such file or directory
cp: cannot create regular file '/home/tns97255/C5O-Kinetics/40454643/.pixi/envs/default/lib/python3.12/site-packages/numpy/f2py/tests/test_kind.py': No such file or directory
cp: cannot create regular file '/home/tns97255/C5O-Kinetics/40454643/.pixi/envs/default/lib/python3.12/site-packages/numpy/f2py/tests/test_common.py': No such file or directory
cp: cannot create regular file '/home/tns97255/C5O-Kinetics/40454643/.pixi/envs/default/lib/python3.12/site-packages/numpy/f2py/tests/test_assumed_shape.py': No such file or directory
cp: cannot create regular file '/home/tns97255/C5O-Kinetics/40454643/.pixi/envs/default/lib/python3.12/site-packages/numpy/f2py/tests/test_docs.py': No such file or directory
cp: cannot create regular file '/home/tns97255/C5O-Kinetics/40454643/.pixi/envs/default/lib/python3.12/site-packages/numpy/f2py/tests/test_f2cmap.py': No such file or directory
cp: cannot create regular file '/home/tns97255/C5O-Kinetics/40454643/.pixi/envs/default/lib/python3.12/site-packages/numpy/f2py/tests/test_abstract_interface.py': No such file or directory
cp: cannot create regular file '/home/tns97255/C5O-Kinetics/40454643/.pixi/envs/default/lib/python3.12/site-packages/numpy/f2py/tests/test_array_from_pyobj.py': No such file or directory
cp: cannot create regular file '/home/tns97255/C5O-Kinetics/40454643/.pixi/envs/default/lib/python3.12/site-packages/numpy/f2py/tests/test_mixed.py': No such file or directory
cp: cannot create regular file '/home/tns97255/C5O-Kinetics/40454643/.pixi/envs/default/lib/python3.12/site-packages/numpy/f2py/tests/test_return_character.py': No such file or directory
cp: cannot create regular file '/home/tns97255/C5O-Kinetics/40454643/.pixi/envs/default/lib/python3.12/site-packages/numpy/f2py/tests/test_size.py': No such file or directory
cp: cannot create regular file '/home/tns97255/C5O-Kinetics/40454643/.pixi/envs/default/lib/python3.12/site-packages/numpy/f2py/tests/test_value_attrspec.py': No such file or directory
cp: cannot create regular file '/home/tns97255/C5O-Kinetics/40454643/.pixi/envs/default/lib/python3.12/site-packages/numpy/f2py/tests/test_string.py': No such file or directory
cp: cannot create regular file '/home/tns97255/C5O-Kinetics/40454643/.pixi/envs/default/lib/python3.12/site-packages/numpy/f2py/tests/test_parameter.py': No such file or directory
cp: cannot create regular file '/home/tns97255/C5O-Kinetics/40454643/.pixi/envs/default/lib/python3.12/site-packages/numpy/f2py/tests/test_callback.py': No such file or directory
cp: cannot create directory '/home/tns97255/C5O-Kinetics/40454643/.pixi/envs/default/lib/python3.12/site-packages/numpy/f2py/tests/src': No such file or directory
cp: cannot create directory '/home/tns97255/C5O-Kinetics/40454643/.pixi/envs/default/lib/python3.12/site-packages/numpy/f2py/tests/__pycache__': No such file or directory
cp: cannot create regular file '/home/tns97255/C5O-Kinetics/40454643/.pixi/envs/default/lib/python3.12/site-packages/numpy/f2py/_backends/_distutils.pyi': No such file or directory
cp: cannot create regular file '/home/tns97255/C5O-Kinetics/40454643/.pixi/envs/default/lib/python3.12/site-packages/numpy/f2py/_backends/__init__.py': No such file or directory
cp: cannot create regular file '/home/tns97255/C5O-Kinetics/40454643/.pixi/envs/default/lib/python3.12/site-packages/numpy/f2py/_backends/_meson.pyi': No such file or directory
cp: cannot create regular file '/home/tns97255/C5O-Kinetics/40454643/.pixi/envs/default/lib/python3.12/site-packages/numpy/f2py/_backends/_backend.pyi': No such file or directory
cp: cannot create regular file '/home/tns97255/C5O-Kinetics/40454643/.pixi/envs/default/lib/python3.12/site-packages/numpy/f2py/_backends/_backend.py': No such file or directory
cp: cannot create regular file '/home/tns97255/C5O-Kinetics/40454643/.pixi/envs/default/lib/python3.12/site-packages/numpy/f2py/_backends/__init__.pyi': No such file or directory
cp: cannot create regular file '/home/tns97255/C5O-Kinetics/40454643/.pixi/envs/default/lib/python3.12/site-packages/numpy/f2py/_backends/_distutils.py': No such file or directory
cp: cannot create directory '/home/tns97255/C5O-Kinetics/40454643/.pixi/envs/default/lib/python3.12/site-packages/numpy/f2py/_backends/__pycache__': No such file or directory
cp: failed to close '/home/tns97255/C5O-Kinetics/40454643/.pixi/envs/default/lib/python3.12/site-packages/numpy/f2py/__pycache__/__main__.cpython-312.pyc': Stale file handle
cp: cannot create regular file '/home/tns97255/C5O-Kinetics/40454643/.pixi/envs/default/lib/python3.12/site-packages/numpy/f2py/__pycache__/auxfuncs.cpython-312.pyc': No such file or directory
cp: cannot create regular file '/home/tns97255/C5O-Kinetics/40454643/.pixi/envs/default/lib/python3.12/site-packages/numpy/f2py/__pycache__/cfuncs.cpython-312.pyc': No such file or directory
cp: cannot create regular file '/home/tns97255/C5O-Kinetics/40454643/.pixi/envs/default/lib/python3.12/site-packages/numpy/f2py/__pycache__/capi_maps.cpython-312.pyc': No such file or directory
cp: cannot create regular file '/home/tns97255/C5O-Kinetics/40454643/.pixi/envs/default/lib/python3.12/site-packages/numpy/f2py/__pycache__/_isocbind.cpython-312.pyc': No such file or directory
cp: cannot create regular file '/home/tns97255/C5O-Kinetics/40454643/.pixi/envs/default/lib/python3.12/site-packages/numpy/f2py/__pycache__/crackfortran.cpython-312.pyc': No such file or directory
cp: cannot create regular file '/home/tns97255/C5O-Kinetics/40454643/.pixi/envs/default/lib/python3.12/site-packages/numpy/f2py/__pycache__/symbolic.cpython-312.pyc': No such file or directory
cp: cannot create regular file '/home/tns97255/C5O-Kinetics/40454643/.pixi/envs/default/lib/python3.12/site-packages/numpy/f2py/__pycache__/f90mod_rules.cpython-312.pyc': No such file or directory
cp: cannot create regular file '/home/tns97255/C5O-Kinetics/40454643/.pixi/envs/default/lib/python3.12/site-packages/numpy/f2py/__pycache__/func2subr.cpython-312.pyc': No such file or directory
cp: cannot create regular file '/home/tns97255/C5O-Kinetics/40454643/.pixi/envs/default/lib/python3.12/site-packages/numpy/f2py/__pycache__/rules.cpython-312.pyc': No such file or directory
cp: cannot create regular file '/home/tns97255/C5O-Kinetics/40454643/.pixi/envs/default/lib/python3.12/site-packages/numpy/f2py/__pycache__/common_rules.cpython-312.pyc': No such file or directory
cp: failed to close '/home/tns97255/C5O-Kinetics/40454643/.pixi/envs/default/lib/python3.12/site-packages/numpy/linalg/tests/__pycache__/test_linalg.cpython-312.pyc': Stale file handle
cp: failed to close '/home/tns97255/C5O-Kinetics/40454643/.pixi/envs/default/lib/python3.12/site-packages/numpy/linalg/__init__.pyi': Stale file handle
cp: failed to close '/home/tns97255/C5O-Kinetics/40454643/.pixi/envs/default/lib/python3.12/site-packages/numpy/lib/tests/data/py3-objarr.npz': Stale file handle
cp: failed to close '/home/tns97255/C5O-Kinetics/40454643/.pixi/envs/default/lib/python3.12/site-packages/numpy/lib/tests/test__iotools.py': Stale file handle
cp: failed to close '/home/tns97255/C5O-Kinetics/40454643/.pixi/envs/default/lib/python3.12/site-packages/numpy/lib/tests/__pycache__/test_format.cpython-312.pyc': Stale file handle
cp: failed to close '/home/tns97255/C5O-Kinetics/40454643/.pixi/envs/default/lib/python3.12/site-packages/numpy/lib/tests/__pycache__/test_loadtxt.cpython-312.pyc': Stale file handle
cp: failed to close '/home/tns97255/C5O-Kinetics/40454643/.pixi/envs/default/lib/python3.12/site-packages/numpy/lib/tests/__pycache__/test_stride_tricks.cpython-312.pyc': Stale file handle
cp: failed to close '/home/tns97255/C5O-Kinetics/40454643/.pixi/envs/default/lib/python3.12/site-packages/numpy/lib/tests/__pycache__/test__iotools.cpython-312.pyc': Stale file handle
cp: failed to close '/home/tns97255/C5O-Kinetics/40454643/.pixi/envs/default/lib/python3.12/site-packages/numpy/lib/__pycache__/array_utils.cpython-312.pyc': Stale file handle
cp: failed to close '/home/tns97255/C5O-Kinetics/40454643/.pixi/envs/default/lib/python3.12/site-packages/numpy/lib/_arrayterator_impl.py': Stale file handle
cp: failed to close '/home/tns97255/C5O-Kinetics/40454643/.pixi/envs/default/lib/python3.12/site-packages/numpy/lib/_type_check_impl.pyi': Stale file handle
cp: failed to close '/home/tns97255/C5O-Kinetics/40454643/.pixi/envs/default/lib/python3.12/site-packages/numpy/lib/_arraysetops_impl.pyi': Stale file handle
cp: failed to close '/home/tns97255/C5O-Kinetics/40454643/.pixi/envs/default/lib/python3.12/site-packages/numpy/lib/_scimath_impl.py': Stale file handle
cp: failed to close '/home/tns97255/C5O-Kinetics/40454643/.pixi/envs/default/lib/python3.12/site-packages/numpy/matrixlib/tests/__pycache__/test_masked_matrix.cpython-312.pyc': Stale file handle
cp: failed to close '/home/tns97255/C5O-Kinetics/40454643/.pixi/envs/default/lib/python3.12/site-packages/numpy/polynomial/__init__.py': Stale file handle
cp: failed to close '/home/tns97255/C5O-Kinetics/40454643/.pixi/envs/default/lib/python3.12/site-packages/numpy/polynomial/tests/__pycache__/test_chebyshev.cpython-312.pyc': Stale file handle
cp: failed to close '/home/tns97255/C5O-Kinetics/40454643/.pixi/envs/default/lib/python3.12/site-packages/numpy/polynomial/tests/test_classes.py': Stale file handle
cp: failed to close '/home/tns97255/C5O-Kinetics/40454643/.pixi/envs/default/lib/python3.12/site-packages/numpy/testing/__pycache__/print_coercion_tables.cpython-312.pyc': Stale file handle
cp: failed to close '/home/tns97255/C5O-Kinetics/40454643/.pixi/envs/default/lib/python3.12/site-packages/numpy/testing/_private/__pycache__/__init__.cpython-312.pyc': Stale file handle
cp: failed to close '/home/tns97255/C5O-Kinetics/40454643/.pixi/envs/default/lib/python3.12/site-packages/numpy/testing/tests/test_utils.py': Stale file handle
cp: failed to close '/home/tns97255/C5O-Kinetics/40454643/.pixi/envs/default/lib/python3.12/site-packages/numpy/random/_examples/cython/extending.pyx': Stale file handle
cp: failed to close '/home/tns97255/C5O-Kinetics/40454643/.pixi/envs/default/lib/python3.12/site-packages/numpy/random/_examples/cffi/__pycache__/extending.cpython-312.pyc': Stale file handle
cp: failed to close '/home/tns97255/C5O-Kinetics/40454643/.pixi/envs/default/lib/python3.12/site-packages/numpy/random/_generator.cpython-312-x86_64-linux-gnu.so': Stale file handle
cp: failed to close '/home/tns97255/C5O-Kinetics/40454643/.pixi/envs/default/lib/python3.12/site-packages/numpy-2.3.2.dist-info/LICENSE.txt': Stale file handle
cp: failed to close '/home/tns97255/C5O-Kinetics/40454643/.pixi/envs/default/lib/python3.12/site-packages/numpy-2.3.2.dist-info/RECORD': Stale file handle
cp: failed to close '/home/tns97255/C5O-Kinetics/40454643/.pixi/envs/default/lib/python3.12/site-packages/pandas/_version_meson.py': Stale file handle
cp: cannot create directory '/home/tns97255/C5O-Kinetics/40454643/.pixi/envs/default/lib/python3.12/site-packages/pandas/_config/__pycache__': No such file or directory
cp: failed to close '/home/tns97255/C5O-Kinetics/40454643/.pixi/envs/default/lib/python3.12/site-packages/pandas/api/types/__pycache__/__init__.cpython-312.pyc': Stale file handle
cp: cannot create directory '/home/tns97255/C5O-Kinetics/40454643/.pixi/envs/default/lib/python3.12/site-packages/pandas/api/interchange/__pycache__': No such file or directory
cp: failed to close '/home/tns97255/C5O-Kinetics/40454643/.pixi/envs/default/lib/python3.12/site-packages/pandas/api/__pycache__/__init__.cpython-312.pyc': Stale file handle
cp: cannot create regular file '/home/tns97255/C5O-Kinetics/40454643/.pixi/envs/default/lib/python3.12/site-packages/pandas/core/computation/parsing.py': No such file or directory
cp: cannot create regular file '/home/tns97255/C5O-Kinetics/40454643/.pixi/envs/default/lib/python3.12/site-packages/pandas/core/computation/expressions.py': No such file or directory
cp: cannot create directory '/home/tns97255/C5O-Kinetics/40454643/.pixi/envs/default/lib/python3.12/site-packages/pandas/core/computation/__pycache__': No such file or directory
cp: failed to close '/home/tns97255/C5O-Kinetics/40454643/.pixi/envs/default/lib/python3.12/site-packages/pandas/core/algorithms.py': Stale file handle
cp: failed to close '/home/tns97255/C5O-Kinetics/40454643/.pixi/envs/default/lib/python3.12/site-packages/pandas/core/indexes/accessors.py': Stale file handle
cp: failed to close '/home/tns97255/C5O-Kinetics/40454643/.pixi/envs/default/lib/python3.12/site-packages/pandas/core/dtypes/__pycache__/astype.cpython-312.pyc': Stale file handle
cp: failed to close '/home/tns97255/C5O-Kinetics/40454643/.pixi/envs/default/lib/python3.12/site-packages/pandas/core/dtypes/__pycache__/__init__.cpython-312.pyc': Stale file handle
cp: cannot create regular file '/home/tns97255/C5O-Kinetics/40454643/.pixi/envs/default/lib/python3.12/site-packages/pandas/core/dtypes/__pycache__/concat.cpython-312.pyc': No such file or directory
cp: cannot create regular file '/home/tns97255/C5O-Kinetics/40454643/.pixi/envs/default/lib/python3.12/site-packages/pandas/core/dtypes/__pycache__/cast.cpython-312.pyc': No such file or directory
cp: cannot create regular file '/home/tns97255/C5O-Kinetics/40454643/.pixi/envs/default/lib/python3.12/site-packages/pandas/core/dtypes/__pycache__/dtypes.cpython-312.pyc': No such file or directory
cp: cannot create regular file '/home/tns97255/C5O-Kinetics/40454643/.pixi/envs/default/lib/python3.12/site-packages/pandas/core/dtypes/__pycache__/inference.cpython-312.pyc': No such file or directory
cp: cannot create regular file '/home/tns97255/C5O-Kinetics/40454643/.pixi/envs/default/lib/python3.12/site-packages/pandas/core/dtypes/common.py': No such file or directory
cp: cannot create regular file '/home/tns97255/C5O-Kinetics/40454643/.pixi/envs/default/lib/python3.12/site-packages/pandas/core/dtypes/cast.py': No such file or directory
cp: cannot create regular file '/home/tns97255/C5O-Kinetics/40454643/.pixi/envs/default/lib/python3.12/site-packages/pandas/core/dtypes/astype.py': No such file or directory
cp: cannot create regular file '/home/tns97255/C5O-Kinetics/40454643/.pixi/envs/default/lib/python3.12/site-packages/pandas/core/dtypes/dtypes.py': No such file or directory
cp: failed to close '/home/tns97255/C5O-Kinetics/40454643/.pixi/envs/default/lib/python3.12/site-packages/pandas/core/__pycache__/series.cpython-312.pyc': Stale file handle
cp: failed to close '/home/tns97255/C5O-Kinetics/40454643/.pixi/envs/default/lib/python3.12/site-packages/pandas/core/util/__pycache__/hashing.cpython-312.pyc': Stale file handle
cp: failed to close '/home/tns97255/C5O-Kinetics/40454643/.pixi/envs/default/lib/python3.12/site-packages/pandas/core/groupby/__pycache__/indexing.cpython-312.pyc': Stale file handle
cp: cannot create regular file '/home/tns97255/C5O-Kinetics/40454643/.pixi/envs/default/lib/python3.12/site-packages/pandas/core/arrays/__pycache__/_mixins.cpython-312.pyc': No such file or directory
cp: cannot create regular file '/home/tns97255/C5O-Kinetics/40454643/.pixi/envs/default/lib/python3.12/site-packages/pandas/core/arrays/__pycache__/datetimes.cpython-312.pyc': No such file or directory
cp: cannot create regular file '/home/tns97255/C5O-Kinetics/40454643/.pixi/envs/default/lib/python3.12/site-packages/pandas/core/arrays/__pycache__/__init__.cpython-312.pyc': No such file or directory
cp: cannot create regular file '/home/tns97255/C5O-Kinetics/40454643/.pixi/envs/default/lib/python3.12/site-packages/pandas/core/arrays/__pycache__/timedeltas.cpython-312.pyc': No such file or directory
cp: cannot create regular file '/home/tns97255/C5O-Kinetics/40454643/.pixi/envs/default/lib/python3.12/site-packages/pandas/core/arrays/__pycache__/numpy_.cpython-312.pyc': No such file or directory
cp: cannot create regular file '/home/tns97255/C5O-Kinetics/40454643/.pixi/envs/default/lib/python3.12/site-packages/pandas/core/arrays/__pycache__/numeric.cpython-312.pyc': No such file or directory
cp: cannot create regular file '/home/tns97255/C5O-Kinetics/40454643/.pixi/envs/default/lib/python3.12/site-packages/pandas/core/arrays/__pycache__/string_arrow.cpython-312.pyc': No such file or directory
cp: cannot create regular file '/home/tns97255/C5O-Kinetics/40454643/.pixi/envs/default/lib/python3.12/site-packages/pandas/core/arrays/__pycache__/categorical.cpython-312.pyc': No such file or directory
cp: cannot create regular file '/home/tns97255/C5O-Kinetics/40454643/.pixi/envs/default/lib/python3.12/site-packages/pandas/core/arrays/__pycache__/boolean.cpython-312.pyc': No such file or directory
cp: cannot create regular file '/home/tns97255/C5O-Kinetics/40454643/.pixi/envs/default/lib/python3.12/site-packages/pandas/core/arrays/__pycache__/_arrow_string_mixins.cpython-312.pyc': No such file or directory
cp: cannot create regular file '/home/tns97255/C5O-Kinetics/40454643/.pixi/envs/default/lib/python3.12/site-packages/pandas/core/arrays/__pycache__/string_.cpython-312.pyc': No such file or directory
cp: cannot create regular file '/home/tns97255/C5O-Kinetics/40454643/.pixi/envs/default/lib/python3.12/site-packages/pandas/core/arrays/__pycache__/datetimelike.cpython-312.pyc': No such file or directory
cp: cannot create regular file '/home/tns97255/C5O-Kinetics/40454643/.pixi/envs/default/lib/python3.12/site-packages/pandas/core/arrays/__pycache__/integer.cpython-312.pyc': No such file or directory
cp: cannot create regular file '/home/tns97255/C5O-Kinetics/40454643/.pixi/envs/default/lib/python3.12/site-packages/pandas/core/arrays/__pycache__/floating.cpython-312.pyc': No such file or directory
cp: cannot create regular file '/home/tns97255/C5O-Kinetics/40454643/.pixi/envs/default/lib/python3.12/site-packages/pandas/core/arrays/arrow/__pycache__/extension_types.cpython-312.pyc': No such file or directory
cp: failed to close '/home/tns97255/C5O-Kinetics/40454643/.pixi/envs/default/lib/python3.12/site-packages/pandas/core/arrays/sparse/__pycache__/scipy_sparse.cpython-312.pyc': Stale file handle
cp: cannot create regular file '/home/tns97255/C5O-Kinetics/40454643/.pixi/envs/default/lib/python3.12/site-packages/pandas/core/arrays/sparse/__pycache__/accessor.cpython-312.pyc': No such file or directory
cp: cannot create regular file '/home/tns97255/C5O-Kinetics/40454643/.pixi/envs/default/lib/python3.12/site-packages/pandas/core/arrays/sparse/__pycache__/array.cpython-312.pyc': No such file or directory
cp: cannot create regular file '/home/tns97255/C5O-Kinetics/40454643/.pixi/envs/default/lib/python3.12/site-packages/pandas/core/arrays/sparse/__pycache__/__init__.cpython-312.pyc': No such file or directory
cp: failed to close '/home/tns97255/C5O-Kinetics/40454643/.pixi/envs/default/lib/python3.12/site-packages/pandas/core/ops/missing.py': Stale file handle
cp: failed to close '/home/tns97255/C5O-Kinetics/40454643/.pixi/envs/default/lib/python3.12/site-packages/pandas/core/indexers/objects.py': Stale file handle
cp: failed to close '/home/tns97255/C5O-Kinetics/40454643/.pixi/envs/default/lib/python3.12/site-packages/pandas/io/parsers/__init__.py': Stale file handle
cp: failed to close '/home/tns97255/C5O-Kinetics/40454643/.pixi/envs/default/lib/python3.12/site-packages/pandas/io/parsers/__pycache__/__init__.cpython-312.pyc': Stale file handle
cp: failed to close '/home/tns97255/C5O-Kinetics/40454643/.pixi/envs/default/lib/python3.12/site-packages/pandas/io/json/_json.py': Stale file handle
cp: cannot create regular file '/home/tns97255/C5O-Kinetics/40454643/.pixi/envs/default/lib/python3.12/site-packages/pandas/io/sas/__pycache__/sas_xport.cpython-312.pyc': No such file or directory
cp: cannot create regular file '/home/tns97255/C5O-Kinetics/40454643/.pixi/envs/default/lib/python3.12/site-packages/pandas/io/sas/__pycache__/__init__.cpython-312.pyc': No such file or directory
cp: failed to close '/home/tns97255/C5O-Kinetics/40454643/.pixi/envs/default/lib/python3.12/site-packages/pandas/io/common.py': Stale file handle
cp: failed to close '/home/tns97255/C5O-Kinetics/40454643/.pixi/envs/default/lib/python3.12/site-packages/pandas/io/formats/templates/html.tpl': Stale file handle
cp: failed to close '/home/tns97255/C5O-Kinetics/40454643/.pixi/envs/default/lib/python3.12/site-packages/pandas/io/formats/templates/html_table.tpl': Stale file handle
cp: failed to close '/home/tns97255/C5O-Kinetics/40454643/.pixi/envs/default/lib/python3.12/site-packages/pandas/compat/__pycache__/pickle_compat.cpython-312.pyc': Stale file handle
cp: failed to close '/home/tns97255/C5O-Kinetics/40454643/.pixi/envs/default/lib/python3.12/site-packages/pandas/util/version/__init__.py': Stale file handle
cp: failed to close '/home/tns97255/C5O-Kinetics/40454643/.pixi/envs/default/lib/python3.12/site-packages/pandas/_libs/window/__pycache__/__init__.cpython-312.pyc': Stale file handle
cp: failed to close '/home/tns97255/C5O-Kinetics/40454643/.pixi/envs/default/lib/python3.12/site-packages/pandas/_libs/tslibs/parsing.pyi': Stale file handle
cp: failed to close '/home/tns97255/C5O-Kinetics/40454643/.pixi/envs/default/lib/python3.12/site-packages/pandas/_libs/tslibs/fields.cpython-312-x86_64-linux-gnu.so': Stale file handle
cp: failed to close '/home/tns97255/C5O-Kinetics/40454643/.pixi/envs/default/lib/python3.12/site-packages/pandas/_libs/tslibs/ccalendar.pyi': Stale file handle
cp: failed to close '/home/tns97255/C5O-Kinetics/40454643/.pixi/envs/default/lib/python3.12/site-packages/pandas/_libs/parsers.cpython-312-x86_64-linux-gnu.so': Stale file handle
cp: failed to close '/home/tns97255/C5O-Kinetics/40454643/.pixi/envs/default/lib/python3.12/site-packages/pandas/_libs/algos.pyi': Stale file handle
cp: failed to close '/home/tns97255/C5O-Kinetics/40454643/.pixi/envs/default/lib/python3.12/site-packages/pandas/_libs/byteswap.pyi': Stale file handle
cp: cannot create regular file '/home/tns97255/C5O-Kinetics/40454643/.pixi/envs/default/lib/python3.12/site-packages/pandas/_libs/ops_dispatch.cpython-312-x86_64-linux-gnu.so': No such file or directory
cp: cannot create regular file '/home/tns97255/C5O-Kinetics/40454643/.pixi/envs/default/lib/python3.12/site-packages/pandas/_libs/hashtable.pyi': No such file or directory
cp: cannot create regular file '/home/tns97255/C5O-Kinetics/40454643/.pixi/envs/default/lib/python3.12/site-packages/pandas/_libs/reshape.pyi': No such file or directory
cp: cannot create regular file '/home/tns97255/C5O-Kinetics/40454643/.pixi/envs/default/lib/python3.12/site-packages/pandas/_libs/reshape.cpython-312-x86_64-linux-gnu.so': No such file or directory
cp: cannot create regular file '/home/tns97255/C5O-Kinetics/40454643/.pixi/envs/default/lib/python3.12/site-packages/pandas/_libs/indexing.pyi': No such file or directory
cp: cannot create regular file '/home/tns97255/C5O-Kinetics/40454643/.pixi/envs/default/lib/python3.12/site-packages/pandas/_libs/tslib.pyi': No such file or directory
cp: cannot create regular file '/home/tns97255/C5O-Kinetics/40454643/.pixi/envs/default/lib/python3.12/site-packages/pandas/_libs/ops.pyi': No such file or directory
cp: cannot create regular file '/home/tns97255/C5O-Kinetics/40454643/.pixi/envs/default/lib/python3.12/site-packages/pandas/_libs/lib.pyi': No such file or directory
cp: cannot create regular file '/home/tns97255/C5O-Kinetics/40454643/.pixi/envs/default/lib/python3.12/site-packages/pandas/_libs/lib.cpython-312-x86_64-linux-gnu.so': No such file or directory
cp: cannot create regular file '/home/tns97255/C5O-Kinetics/40454643/.pixi/envs/default/lib/python3.12/site-packages/pandas/_libs/arrays.cpython-312-x86_64-linux-gnu.so': No such file or directory
cp: cannot create regular file '/home/tns97255/C5O-Kinetics/40454643/.pixi/envs/default/lib/python3.12/site-packages/pandas/_libs/join.cpython-312-x86_64-linux-gnu.so': No such file or directory
cp: cannot create regular file '/home/tns97255/C5O-Kinetics/40454643/.pixi/envs/default/lib/python3.12/site-packages/pandas/_libs/pandas_parser.cpython-312-x86_64-linux-gnu.so': No such file or directory
cp: cannot create regular file '/home/tns97255/C5O-Kinetics/40454643/.pixi/envs/default/lib/python3.12/site-packages/pandas/_libs/algos.cpython-312-x86_64-linux-gnu.so': No such file or directory
cp: cannot create regular file '/home/tns97255/C5O-Kinetics/40454643/.pixi/envs/default/lib/python3.12/site-packages/pandas/_libs/parsers.pyi': No such file or directory
cp: cannot create regular file '/home/tns97255/C5O-Kinetics/40454643/.pixi/envs/default/lib/python3.12/site-packages/pandas/_libs/properties.pyi': No such file or directory
cp: cannot create regular file '/home/tns97255/C5O-Kinetics/40454643/.pixi/envs/default/lib/python3.12/site-packages/pandas/_libs/testing.pyi': No such file or directory
cp: cannot create regular file '/home/tns97255/C5O-Kinetics/40454643/.pixi/envs/default/lib/python3.12/site-packages/pandas/_libs/index.pyi': No such file or directory
cp: cannot create regular file '/home/tns97255/C5O-Kinetics/40454643/.pixi/envs/default/lib/python3.12/site-packages/pandas/_libs/byteswap.cpython-312-x86_64-linux-gnu.so': No such file or directory
cp: cannot create regular file '/home/tns97255/C5O-Kinetics/40454643/.pixi/envs/default/lib/python3.12/site-packages/pandas/_libs/writers.cpython-312-x86_64-linux-gnu.so': No such file or directory
cp: cannot create regular file '/home/tns97255/C5O-Kinetics/40454643/.pixi/envs/default/lib/python3.12/site-packages/pandas/_libs/internals.cpython-312-x86_64-linux-gnu.so': No such file or directory
cp: failed to close '/home/tns97255/C5O-Kinetics/40454643/.pixi/envs/default/lib/python3.12/site-packages/pandas/tests/scalar/period/__pycache__/__init__.cpython-312.pyc': Stale file handle
cp: failed to close '/home/tns97255/C5O-Kinetics/40454643/.pixi/envs/default/lib/python3.12/site-packages/pandas/tests/scalar/timedelta/test_constructors.py': Stale file handle
cp: cannot create regular file '/home/tns97255/C5O-Kinetics/40454643/.pixi/envs/default/lib/python3.12/site-packages/pandas/tests/scalar/timedelta/test_timedelta.py': No such file or directory
cp: cannot create regular file '/home/tns97255/C5O-Kinetics/40454643/.pixi/envs/default/lib/python3.12/site-packages/pandas/tests/scalar/timedelta/test_arithmetic.py': No such file or directory
cp: cannot create regular file '/home/tns97255/C5O-Kinetics/40454643/.pixi/envs/default/lib/python3.12/site-packages/pandas/tests/scalar/timedelta/__init__.py': No such file or directory
cp: cannot create directory '/home/tns97255/C5O-Kinetics/40454643/.pixi/envs/default/lib/python3.12/site-packages/pandas/tests/scalar/timedelta/methods': No such file or directory
cp: cannot create regular file '/home/tns97255/C5O-Kinetics/40454643/.pixi/envs/default/lib/python3.12/site-packages/pandas/tests/scalar/timedelta/test_formats.py': No such file or directory
cp: cannot create directory '/home/tns97255/C5O-Kinetics/40454643/.pixi/envs/default/lib/python3.12/site-packages/pandas/tests/scalar/timedelta/__pycache__': No such file or directory
cp: failed to close '/home/tns97255/C5O-Kinetics/40454643/.pixi/envs/default/lib/python3.12/site-packages/pandas/tests/scalar/interval/test_overlaps.py': Stale file handle
cp: failed to close '/home/tns97255/C5O-Kinetics/40454643/.pixi/envs/default/lib/python3.12/site-packages/pandas/tests/scalar/interval/__pycache__/test_formats.cpython-312.pyc': Stale file handle
cp: cannot create regular file '/home/tns97255/C5O-Kinetics/40454643/.pixi/envs/default/lib/python3.12/site-packages/pandas/tests/scalar/interval/__pycache__/test_overlaps.cpython-312.pyc': No such file or directory
cp: cannot create regular file '/home/tns97255/C5O-Kinetics/40454643/.pixi/envs/default/lib/python3.12/site-packages/pandas/tests/scalar/interval/__pycache__/test_arithmetic.cpython-312.pyc': No such file or directory
cp: cannot create regular file '/home/tns97255/C5O-Kinetics/40454643/.pixi/envs/default/lib/python3.12/site-packages/pandas/tests/scalar/interval/__pycache__/__init__.cpython-312.pyc': No such file or directory
cp: cannot create regular file '/home/tns97255/C5O-Kinetics/40454643/.pixi/envs/default/lib/python3.12/site-packages/pandas/tests/scalar/interval/__pycache__/test_interval.cpython-312.pyc': No such file or directory
cp: failed to close '/home/tns97255/C5O-Kinetics/40454643/.pixi/envs/default/lib/python3.12/site-packages/pandas/tests/scalar/timestamp/methods/test_timestamp_method.py': Stale file handle
cp: failed to close '/home/tns97255/C5O-Kinetics/40454643/.pixi/envs/default/lib/python3.12/site-packages/pandas/tests/scalar/timestamp/methods/test_as_unit.py': Stale file handle
cp: failed to close '/home/tns97255/C5O-Kinetics/40454643/.pixi/envs/default/lib/python3.12/site-packages/pandas/tests/scalar/timestamp/methods/__pycache__/test_to_julian_date.cpython-312.pyc': Stale file handle
cp: failed to close '/home/tns97255/C5O-Kinetics/40454643/.pixi/envs/default/lib/python3.12/site-packages/pandas/tests/window/moments/conftest.py': Stale file handle
cp: failed to close '/home/tns97255/C5O-Kinetics/40454643/.pixi/envs/default/lib/python3.12/site-packages/pandas/tests/indexes/datetimes/__pycache__/__init__.cpython-312.pyc': Stale file handle
cp: cannot create regular file '/home/tns97255/C5O-Kinetics/40454643/.pixi/envs/default/lib/python3.12/site-packages/pandas/tests/indexes/datetimes/__pycache__/test_ops.cpython-312.pyc': No such file or directory
cp: cannot create regular file '/home/tns97255/C5O-Kinetics/40454643/.pixi/envs/default/lib/python3.12/site-packages/pandas/tests/indexes/datetimes/__pycache__/test_timezones.cpython-312.pyc': No such file or directory
cp: cannot create regular file '/home/tns97255/C5O-Kinetics/40454643/.pixi/envs/default/lib/python3.12/site-packages/pandas/tests/indexes/datetimes/__pycache__/test_freq_attr.cpython-312.pyc': No such file or directory
cp: cannot create regular file '/home/tns97255/C5O-Kinetics/40454643/.pixi/envs/default/lib/python3.12/site-packages/pandas/tests/indexes/datetimes/__pycache__/test_setops.cpython-312.pyc': No such file or directory
cp: cannot create regular file '/home/tns97255/C5O-Kinetics/40454643/.pixi/envs/default/lib/python3.12/site-packages/pandas/tests/indexes/datetimes/__pycache__/test_reindex.cpython-312.pyc': No such file or directory
cp: cannot create regular file '/home/tns97255/C5O-Kinetics/40454643/.pixi/envs/default/lib/python3.12/site-packages/pandas/tests/indexes/datetimes/__pycache__/test_formats.cpython-312.pyc': No such file or directory
cp: cannot create regular file '/home/tns97255/C5O-Kinetics/40454643/.pixi/envs/default/lib/python3.12/site-packages/pandas/tests/indexes/datetimes/__pycache__/test_scalar_compat.cpython-312.pyc': No such file or directory
cp: cannot create regular file '/home/tns97255/C5O-Kinetics/40454643/.pixi/envs/default/lib/python3.12/site-packages/pandas/tests/indexes/datetimes/__pycache__/test_date_range.cpython-312.pyc': No such file or directory
cp: cannot create regular file '/home/tns97255/C5O-Kinetics/40454643/.pixi/envs/default/lib/python3.12/site-packages/pandas/tests/indexes/datetimes/__pycache__/test_npfuncs.cpython-312.pyc': No such file or directory
cp: cannot create regular file '/home/tns97255/C5O-Kinetics/40454643/.pixi/envs/default/lib/python3.12/site-packages/pandas/tests/indexes/datetimes/__pycache__/test_indexing.cpython-312.pyc': No such file or directory
cp: cannot create regular file '/home/tns97255/C5O-Kinetics/40454643/.pixi/envs/default/lib/python3.12/site-packages/pandas/tests/indexes/datetimes/__pycache__/test_datetime.cpython-312.pyc': No such file or directory
cp: cannot create regular file '/home/tns97255/C5O-Kinetics/40454643/.pixi/envs/default/lib/python3.12/site-packages/pandas/tests/indexes/datetimes/__pycache__/test_join.cpython-312.pyc': No such file or directory
cp: failed to close '/home/tns97255/C5O-Kinetics/40454643/.pixi/envs/default/lib/python3.12/site-packages/pandas/tests/indexes/datetimes/test_arithmetic.py': Stale file handle
cp: cannot create regular file '/home/tns97255/C5O-Kinetics/40454643/.pixi/envs/default/lib/python3.12/site-packages/pandas/tests/indexes/datetimes/methods/__pycache__/test_insert.cpython-312.pyc': No such file or directory
cp: cannot create regular file '/home/tns97255/C5O-Kinetics/40454643/.pixi/envs/default/lib/python3.12/site-packages/pandas/tests/indexes/datetimes/methods/__pycache__/test_to_pydatetime.cpython-312.pyc': No such file or directory
cp: cannot create regular file '/home/tns97255/C5O-Kinetics/40454643/.pixi/envs/default/lib/python3.12/site-packages/pandas/tests/indexes/datetimes/methods/__pycache__/test_unique.cpython-312.pyc': No such file or directory
cp: cannot create regular file '/home/tns97255/C5O-Kinetics/40454643/.pixi/envs/default/lib/python3.12/site-packages/pandas/tests/indexes/datetimes/methods/__pycache__/test_isocalendar.cpython-312.pyc': No such file or directory
cp: cannot create regular file '/home/tns97255/C5O-Kinetics/40454643/.pixi/envs/default/lib/python3.12/site-packages/pandas/tests/indexes/datetimes/methods/__pycache__/test_shift.cpython-312.pyc': No such file or directory
cp: cannot create regular file '/home/tns97255/C5O-Kinetics/40454643/.pixi/envs/default/lib/python3.12/site-packages/pandas/tests/indexes/datetimes/methods/__pycache__/test_map.cpython-312.pyc': No such file or directory
cp: cannot create regular file '/home/tns97255/C5O-Kinetics/40454643/.pixi/envs/default/lib/python3.12/site-packages/pandas/tests/indexes/datetimes/methods/__pycache__/test_fillna.cpython-312.pyc': No such file or directory
cp: cannot create regular file '/home/tns97255/C5O-Kinetics/40454643/.pixi/envs/default/lib/python3.12/site-packages/pandas/tests/indexes/datetimes/methods/__pycache__/test_snap.cpython-312.pyc': No such file or directory
cp: cannot create regular file '/home/tns97255/C5O-Kinetics/40454643/.pixi/envs/default/lib/python3.12/site-packages/pandas/tests/indexes/datetimes/methods/__pycache__/test_resolution.cpython-312.pyc': No such file or directory
cp: cannot create regular file '/home/tns97255/C5O-Kinetics/40454643/.pixi/envs/default/lib/python3.12/site-packages/pandas/tests/indexes/datetimes/methods/__pycache__/test_astype.cpython-312.pyc': No such file or directory
cp: cannot create regular file '/home/tns97255/C5O-Kinetics/40454643/.pixi/envs/default/lib/python3.12/site-packages/pandas/tests/indexes/datetimes/methods/__pycache__/test_round.cpython-312.pyc': No such file or directory
cp: cannot create regular file '/home/tns97255/C5O-Kinetics/40454643/.pixi/envs/default/lib/python3.12/site-packages/pandas/tests/indexes/datetimes/methods/__pycache__/test_asof.cpython-312.pyc': No such file or directory
cp: cannot create regular file '/home/tns97255/C5O-Kinetics/40454643/.pixi/envs/default/lib/python3.12/site-packages/pandas/tests/indexes/datetimes/methods/__pycache__/__init__.cpython-312.pyc': No such file or directory
cp: cannot create regular file '/home/tns97255/C5O-Kinetics/40454643/.pixi/envs/default/lib/python3.12/site-packages/pandas/tests/indexes/datetimes/methods/__pycache__/test_normalize.cpython-312.pyc': No such file or directory
cp: cannot create regular file '/home/tns97255/C5O-Kinetics/40454643/.pixi/envs/default/lib/python3.12/site-packages/pandas/tests/indexes/datetimes/methods/__pycache__/test_tz_localize.cpython-312.pyc': No such file or directory
cp: cannot create regular file '/home/tns97255/C5O-Kinetics/40454643/.pixi/envs/default/lib/python3.12/site-packages/pandas/tests/indexes/datetimes/methods/__pycache__/test_to_series.cpython-312.pyc': No such file or directory
cp: failed to close '/home/tns97255/C5O-Kinetics/40454643/.pixi/envs/default/lib/python3.12/site-packages/pandas/tests/indexes/datetimes/methods/test_astype.py': Stale file handle
cp: cannot create regular file '/home/tns97255/C5O-Kinetics/40454643/.pixi/envs/default/lib/python3.12/site-packages/pandas/tests/indexes/categorical/__pycache__/test_formats.cpython-312.pyc': No such file or directory
cp: failed to close '/home/tns97255/C5O-Kinetics/40454643/.pixi/envs/default/lib/python3.12/site-packages/pandas/tests/indexes/__pycache__/test_any_index.cpython-312.pyc': Stale file handle
cp: failed to close '/home/tns97255/C5O-Kinetics/40454643/.pixi/envs/default/lib/python3.12/site-packages/pandas/tests/indexes/period/methods/__pycache__/test_to_timestamp.cpython-312.pyc': Stale file handle
cp: failed to close '/home/tns97255/C5O-Kinetics/40454643/.pixi/envs/default/lib/python3.12/site-packages/pandas/tests/indexes/period/__pycache__/test_formats.cpython-312.pyc': Stale file handle
cp: failed to close '/home/tns97255/C5O-Kinetics/40454643/.pixi/envs/default/lib/python3.12/site-packages/pandas/tests/indexes/interval/test_formats.py': Stale file handle
cp: failed to close '/home/tns97255/C5O-Kinetics/40454643/.pixi/envs/default/lib/python3.12/site-packages/pandas/tests/indexes/interval/test_constructors.py': Stale file handle
slurmstepd: error: *** JOB 40454643 ON b5-1 CANCELLED AT 2025-09-05T16:01:30 ***
